<?xml version="1.0" encoding="UTF-8"?>
<testsuite name="org.blogdemo.demoBilling.RouteTest" time="23.285" tests="1" errors="0" skipped="0" failures="1">
  <properties>
    <property name="java.runtime.name" value="Java(TM) SE Runtime Environment"/>
    <property name="sun.boot.library.path" value="/Library/Java/JavaVirtualMachines/jdk1.7.0_60.jdk/Contents/Home/jre/lib"/>
    <property name="java.vm.version" value="24.60-b07"/>
    <property name="user.country.format" value="TW"/>
    <property name="gopherProxySet" value="false"/>
    <property name="java.vm.vendor" value="Oracle Corporation"/>
    <property name="java.vendor.url" value="http://java.oracle.com/"/>
    <property name="path.separator" value=":"/>
    <property name="java.rmi.server.randomIDs" value="true"/>
    <property name="guice.disable.misplaced.annotation.check" value="true"/>
    <property name="java.vm.name" value="Java HotSpot(TM) 64-Bit Server VM"/>
    <property name="file.encoding.pkg" value="sun.io"/>
    <property name="user.country" value="US"/>
    <property name="sun.java.launcher" value="SUN_STANDARD"/>
    <property name="sun.os.patch.level" value="unknown"/>
    <property name="java.vm.specification.name" value="Java Virtual Machine Specification"/>
    <property name="user.dir" value="/Users/christina/workspace/fuseOnOSE/demoBilling"/>
    <property name="java.runtime.version" value="1.7.0_60-ea-b04"/>
    <property name="java.awt.graphicsenv" value="sun.awt.CGraphicsEnvironment"/>
    <property name="java.endorsed.dirs" value="/Library/Java/JavaVirtualMachines/jdk1.7.0_60.jdk/Contents/Home/jre/lib/endorsed"/>
    <property name="os.arch" value="x86_64"/>
    <property name="java.io.tmpdir" value="/var/folders/g4/0z59qgfn7g9cyclgk6z5tt_80000gn/T/"/>
    <property name="line.separator" value="&#10;"/>
    <property name="java.vm.specification.vendor" value="Oracle Corporation"/>
    <property name="os.name" value="Mac OS X"/>
    <property name="classworlds.conf" value="/usr/share/maven/bin/m2.conf"/>
    <property name="sun.jnu.encoding" value="UTF-8"/>
    <property name="java.library.path" value="/Users/christina/Library/Java/Extensions:/Library/Java/Extensions:/Network/Library/Java/Extensions:/System/Library/Java/Extensions:/usr/lib/java:."/>
    <property name="java.specification.name" value="Java Platform API Specification"/>
    <property name="java.class.version" value="51.0"/>
    <property name="sun.management.compiler" value="HotSpot 64-Bit Tiered Compilers"/>
    <property name="os.version" value="10.8.5"/>
    <property name="http.nonProxyHosts" value="local„ÄÅ169.254/16„ÄÅ127.0.0.1„ÄÅlocalhost|*.local„ÄÅ169.254/16„ÄÅ127.0.0.1„ÄÅlocalhost"/>
    <property name="user.home" value="/Users/christina"/>
    <property name="user.timezone" value="Asia/Taipei"/>
    <property name="java.awt.printerjob" value="sun.lwawt.macosx.CPrinterJob"/>
    <property name="java.specification.version" value="1.7"/>
    <property name="file.encoding" value="UTF-8"/>
    <property name="user.name" value="christina"/>
    <property name="java.class.path" value="/usr/share/maven/boot/plexus-classworlds-2.4.jar"/>
    <property name="java.vm.specification.version" value="1.7"/>
    <property name="sun.arch.data.model" value="64"/>
    <property name="java.home" value="/Library/Java/JavaVirtualMachines/jdk1.7.0_60.jdk/Contents/Home/jre"/>
    <property name="sun.java.command" value="org.codehaus.plexus.classworlds.launcher.Launcher fabric8:deploy"/>
    <property name="java.specification.vendor" value="Oracle Corporation"/>
    <property name="user.language" value="en"/>
    <property name="user.language.format" value="zh"/>
    <property name="awt.toolkit" value="sun.lwawt.macosx.LWCToolkit"/>
    <property name="java.vm.info" value="mixed mode"/>
    <property name="java.version" value="1.7.0_60-ea"/>
    <property name="java.ext.dirs" value="/Users/christina/Library/Java/Extensions:/Library/Java/JavaVirtualMachines/jdk1.7.0_60.jdk/Contents/Home/jre/lib/ext:/Library/Java/Extensions:/Network/Library/Java/Extensions:/System/Library/Java/Extensions:/usr/lib/java"/>
    <property name="sun.boot.class.path" value="/Library/Java/JavaVirtualMachines/jdk1.7.0_60.jdk/Contents/Home/jre/lib/resources.jar:/Library/Java/JavaVirtualMachines/jdk1.7.0_60.jdk/Contents/Home/jre/lib/rt.jar:/Library/Java/JavaVirtualMachines/jdk1.7.0_60.jdk/Contents/Home/jre/lib/sunrsasign.jar:/Library/Java/JavaVirtualMachines/jdk1.7.0_60.jdk/Contents/Home/jre/lib/jsse.jar:/Library/Java/JavaVirtualMachines/jdk1.7.0_60.jdk/Contents/Home/jre/lib/jce.jar:/Library/Java/JavaVirtualMachines/jdk1.7.0_60.jdk/Contents/Home/jre/lib/charsets.jar:/Library/Java/JavaVirtualMachines/jdk1.7.0_60.jdk/Contents/Home/jre/lib/jfr.jar:/Library/Java/JavaVirtualMachines/jdk1.7.0_60.jdk/Contents/Home/jre/classes"/>
    <property name="java.vendor" value="Oracle Corporation"/>
    <property name="maven.home" value="/usr/share/maven"/>
    <property name="file.separator" value="/"/>
    <property name="java.vendor.url.bug" value="http://bugreport.sun.com/bugreport/"/>
    <property name="sun.cpu.endian" value="little"/>
    <property name="sun.io.unicode.encoding" value="UnicodeBig"/>
    <property name="socksNonProxyHosts" value="local„ÄÅ169.254/16„ÄÅ127.0.0.1„ÄÅlocalhost|*.local„ÄÅ169.254/16„ÄÅ127.0.0.1„ÄÅlocalhost"/>
    <property name="ftp.nonProxyHosts" value="local„ÄÅ169.254/16„ÄÅ127.0.0.1„ÄÅlocalhost|*.local„ÄÅ169.254/16„ÄÅ127.0.0.1„ÄÅlocalhost"/>
    <property name="sun.cpu.isalist" value=""/>
  </properties>
  <testcase name="testRoute" classname="org.blogdemo.demoBilling.RouteTest" time="23.285">
    <failure message="mock://result Received message count 0, expected at least 1" type="java.lang.AssertionError">java.lang.AssertionError: mock://result Received message count 0, expected at least 1
	at org.apache.camel.component.mock.MockEndpoint.fail(MockEndpoint.java:1333)
	at org.apache.camel.component.mock.MockEndpoint.assertTrue(MockEndpoint.java:1321)
	at org.apache.camel.component.mock.MockEndpoint.doAssertIsSatisfied(MockEndpoint.java:390)
	at org.apache.camel.component.mock.MockEndpoint.assertIsSatisfied(MockEndpoint.java:362)
	at org.apache.camel.component.mock.MockEndpoint.assertIsSatisfied(MockEndpoint.java:350)
	at org.apache.camel.component.mock.MockEndpoint.assertIsSatisfied(MockEndpoint.java:188)
	at org.apache.camel.test.junit4.CamelTestSupport.assertMockEndpointsSatisfied(CamelTestSupport.java:675)
	at org.blogdemo.demoBilling.RouteTest.testRoute(RouteTest.java:21)
</failure>
    <system-out><![CDATA[[                          main] CamelBlueprintHelper           INFO  Using Blueprint XML file: /Users/christina/workspace/fuseOnOSE/demoBilling/target/classes/OSGI-INF/blueprint/blueprint.xml
[                      Thread-0] RawBuilder                     INFO  Copy thread finished.
[                          main] Activator                      INFO  Camel activator starting
[                          main] Activator                      INFO  Camel activator started
[                          main] BlueprintExtender              INFO  No quiesce support is available, so blueprint components will not participate in quiesce operations
[         Blueprint Extender: 1] BlueprintContainerImpl         INFO  Bundle demoBilling is waiting for namespace handlers [http://camel.apache.org/schema/blueprint]
[                          main] RouteTest                      INFO  ********************************************************************************
[                          main] RouteTest                      INFO  Testing: testRoute(org.blogdemo.demoBilling.RouteTest)
[                          main] RouteTest                      INFO  ********************************************************************************
[         Blueprint Extender: 1] BlueprintContainerImpl         INFO  Bundle RouteTest is waiting for namespace handlers [http://camel.apache.org/schema/blueprint]
[                          main] RouteTest                      INFO  Skipping starting CamelContext as system property skipStartingCamelContext is set to be true.
[                          main] BlueprintCamelContext          INFO  Apache Camel 2.12.0.redhat-610379 (CamelContext: blueprintContext) is starting
[                          main] DefaultManagementStrategy      INFO  JMX is disabled
[                          main] BlueprintCamelContext          INFO  AllowUseOriginalMessage is enabled. If access to the original message is not needed, then its recommended to turn this option off as it may improve performance.
[                          main] BlueprintCamelContext          INFO  StreamCaching is not in use. If using streams then its recommended to enable stream caching. See more details at http://camel.apache.org/stream-caching.html
[                          main] BlueprintCamelContext          INFO  Route: presistRoute started and consuming from: Endpoint[direct://presistDB]
[                          main] BlueprintCamelContext          INFO  Route: dbRoute started and consuming from: Endpoint[file://src/data?delete=true]
[                          main] BlueprintCamelContext          INFO  Route: dataRoute started and consuming from: Endpoint[timer://foo?period=5000]
[                          main] BlueprintCamelContext          INFO  Total 3 routes, of which 3 is started.
[                          main] BlueprintCamelContext          INFO  Apache Camel 2.12.0.redhat-610379 (CamelContext: blueprintContext) started in 0.414 seconds
[                          main] MockEndpoint                   INFO  Asserting: Endpoint[mock://result] is satisfied
[                          main] RouteTest                      INFO  ********************************************************************************
[                          main] RouteTest                      INFO  Testing done: testRoute(org.blogdemo.demoBilling.RouteTest)
[                          main] RouteTest                      INFO  Took: 10.427 seconds (10427 millis)
[                          main] RouteTest                      INFO  ********************************************************************************
[                          main] BlueprintCamelContext          INFO  Apache Camel 2.12.0.redhat-610379 (CamelContext: blueprintContext) is shutting down
[                          main] DefaultShutdownStrategy        INFO  Starting to graceful shutdown 3 routes (timeout 10 seconds)
[text) thread #2 - ShutdownTask] DefaultShutdownStrategy        INFO  Waiting as there are still 3 inflight and pending exchanges to complete, timeout in 10 seconds.
[text) thread #2 - ShutdownTask] DefaultShutdownStrategy        INFO  Waiting as there are still 3 inflight and pending exchanges to complete, timeout in 9 seconds.
[text) thread #2 - ShutdownTask] DefaultShutdownStrategy        INFO  Waiting as there are still 3 inflight and pending exchanges to complete, timeout in 8 seconds.
[text) thread #2 - ShutdownTask] DefaultShutdownStrategy        INFO  Waiting as there are still 3 inflight and pending exchanges to complete, timeout in 7 seconds.
[text) thread #2 - ShutdownTask] DefaultShutdownStrategy        INFO  Waiting as there are still 3 inflight and pending exchanges to complete, timeout in 6 seconds.
[text) thread #2 - ShutdownTask] DefaultShutdownStrategy        INFO  Waiting as there are still 3 inflight and pending exchanges to complete, timeout in 5 seconds.
[text) thread #2 - ShutdownTask] DefaultShutdownStrategy        INFO  Waiting as there are still 3 inflight and pending exchanges to complete, timeout in 4 seconds.
[text) thread #2 - ShutdownTask] DefaultShutdownStrategy        INFO  Waiting as there are still 3 inflight and pending exchanges to complete, timeout in 3 seconds.
[text) thread #2 - ShutdownTask] DefaultShutdownStrategy        INFO  Waiting as there are still 3 inflight and pending exchanges to complete, timeout in 2 seconds.
[text) thread #2 - ShutdownTask] DefaultShutdownStrategy        INFO  Waiting as there are still 3 inflight and pending exchanges to complete, timeout in 1 seconds.
[                          main] DefaultShutdownStrategy        WARN  Timeout occurred. Forcing the routes to be shutdown now.
[text) thread #2 - ShutdownTask] DefaultShutdownStrategy        WARN  Interrupted while waiting during graceful shutdown, will force shutdown now.
[text) thread #2 - ShutdownTask] DefaultShutdownStrategy        INFO  Route: dataRoute shutdown complete, was consuming from: Endpoint[timer://foo?period=5000]
[text) thread #2 - ShutdownTask] DefaultShutdownStrategy        INFO  Route: dbRoute shutdown complete, was consuming from: Endpoint[file://src/data?delete=true]
[                          main] DefaultShutdownStrategy        INFO  Graceful shutdown of 3 routes completed in 10 seconds
[text) thread #2 - ShutdownTask] DefaultShutdownStrategy        INFO  Route: presistRoute shutdown complete, was consuming from: Endpoint[direct://presistDB]
[                          main] DefaultInflightRepository      WARN  Shutting down while there are still 2 inflight exchanges.
[                          main] BlueprintCamelContext          INFO  Apache Camel 2.12.0.redhat-610379 (CamelContext: blueprintContext) uptime 20.439 seconds
[                          main] BlueprintCamelContext          INFO  Apache Camel 2.12.0.redhat-610379 (CamelContext: blueprintContext) is shutdown in 10.011 seconds
[                          main] BlueprintExtender              INFO  Destroying BlueprintContainer for bundle RouteTest
[                          main] BlueprintExtender              INFO  Destroying BlueprintContainer for bundle demoBilling
[                          main] BlueprintCamelContext          INFO  Apache Camel 2.12.0.redhat-610379 (CamelContext: blueprintContext) is shutting down
[                          main] BlueprintCamelContext          INFO  Apache Camel 2.12.0.redhat-610379 (CamelContext: blueprintContext) uptime not started
[                          main] BlueprintCamelContext          INFO  Apache Camel 2.12.0.redhat-610379 (CamelContext: blueprintContext) is shutdown in 0.001 seconds
[                          main] BlueprintExtender              INFO  Destroying BlueprintContainer for bundle org.apache.aries.blueprint
[                          main] BlueprintExtender              INFO  Destroying BlueprintContainer for bundle org.apache.camel.camel-blueprint
[                          main] Activator                      INFO  Camel activator stopping
[                          main] Activator                      INFO  Camel activator stopped
[                          main] CamelBlueprintHelper           INFO  Deleting work directory target/bundles/1408786484998
]]></system-out>
  </testcase>
</testsuite>